2025-11-07 15:09:46,874 - INFO - ============================================================
2025-11-07 15:09:46,874 - INFO - 🚀 雨晨iOS资源自动签到脚本启动
2025-11-07 15:09:46,874 - INFO - ⏰ 运行时间: 2025-11-07 15:09:46
2025-11-07 15:09:46,874 - INFO - ============================================================
2025-11-07 15:09:46,874 - INFO - ✅ 从环境变量读取到 1 个账号: 1409497961@qq.com
2025-11-07 15:09:46,874 - INFO - 检测到 1 个账号

2025-11-07 15:09:46,874 - INFO - 
============================================================
2025-11-07 15:09:46,874 - INFO - 📱 账号 1/1 开始执行
2025-11-07 15:09:46,874 - INFO - ============================================================
2025-11-07 15:09:49,423 - INFO - ✅ 登录成功
2025-11-07 15:09:54,836 - INFO - ✅ 签到结果: 您今天已经签到了，明天再来吧！
2025-11-07 15:09:58,351 - INFO - 💰 您目前可用积分： 12
2025-11-07 15:09:58,351 - INFO - ✅ 账号 1 (1409497961@qq.com) 签到成功
2025-11-07 15:09:58,351 - INFO - 
============================================================
2025-11-07 15:09:58,351 - INFO - 📊 执行完毕
2025-11-07 15:09:58,351 - INFO -    - 成功: 1 个账号
2025-11-07 15:09:58,351 - INFO -    - 失败: 0 个账号
2025-11-07 15:09:58,351 - INFO - ============================================================
2025-11-07 15:09:58,351 - INFO - 💾 状态已保存: success=True, message=成功1个，失败0个
